# JRE version: Java(TM) SE Runtime Environment (8.0_92-b14) (build 1.8.0_92-b14)
# Java VM: Java HotSpot(TM) 64-Bit Server VM (25.92-b14 mixed mode linux-amd64 compressed oops)
Heap:
 PSYoungGen      total 465920K, used 139695K [0x00000000d5580000, 0x0000000100000000, 0x0000000100000000)
  eden space 232960K, 0% used [0x00000000d5580000,0x00000000d5580000,0x00000000e3900000)
  from space 232960K, 59% used [0x00000000f1c80000,0x00000000fa4ebe30,0x0000000100000000)
  to   space 232960K, 0% used [0x00000000e3900000,0x00000000e3900000,0x00000000f1c80000)
 ParOldGen       total 766976K, used 766760K [0x0000000080000000, 0x00000000aed00000, 0x00000000d5580000)
  object space 766976K, 99% used [0x0000000080000000,0x00000000aecca078,0x00000000aed00000)
 Metaspace       used 70712K, capacity 72558K, committed 74880K, reserved 1114112K
  class space    used 8975K, capacity 9283K, committed 9856K, reserved 1048576K
GC Heap History (10 events):
Event: 7329,224 GC heap after
Heap after GC invocations=34 (full 7):
 PSYoungGen      total 539648K, used 159226K [0x00000000d5580000, 0x0000000100000000, 0x0000000100000000)
  eden space 380416K, 0% used [0x00000000d5580000,0x00000000d5580000,0x00000000ec900000)
  from space 159232K, 99% used [0x00000000ec900000,0x00000000f647ea78,0x00000000f6480000)
  to   space 159232K, 0% used [0x00000000f6480000,0x00000000f6480000,0x0000000100000000)
 ParOldGen       total 458240K, used 317052K [0x0000000080000000, 0x000000009bf80000, 0x00000000d5580000)
  object space 458240K, 69% used [0x0000000080000000,0x000000009359f340,0x000000009bf80000)
 Metaspace       used 70712K, capacity 72558K, committed 74880K, reserved 1114112K
  class space    used 8975K, capacity 9283K, committed 9856K, reserved 1048576K
}
Event: 7337,510 GC heap before
{Heap before GC invocations=35 (full 7):
 PSYoungGen      total 539648K, used 539642K [0x00000000d5580000, 0x0000000100000000, 0x0000000100000000)
  eden space 380416K, 100% used [0x00000000d5580000,0x00000000ec900000,0x00000000ec900000)
  from space 159232K, 99% used [0x00000000ec900000,0x00000000f647ea78,0x00000000f6480000)
  to   space 159232K, 0% used [0x00000000f6480000,0x00000000f6480000,0x0000000100000000)
 ParOldGen       total 458240K, used 317052K [0x0000000080000000, 0x000000009bf80000, 0x00000000d5580000)
  object space 458240K, 69% used [0x0000000080000000,0x000000009359f340,0x000000009bf80000)
 Metaspace       used 70712K, capacity 72558K, committed 74880K, reserved 1114112K
  class space    used 8975K, capacity 9283K, committed 9856K, reserved 1048576K
Event: 7338,727 GC heap after
Heap after GC invocations=35 (full 7):
 PSYoungGen      total 392192K, used 159221K [0x00000000d5580000, 0x0000000100000000, 0x0000000100000000)
  eden space 232960K, 0% used [0x00000000d5580000,0x00000000d5580000,0x00000000e3900000)
  from space 159232K, 99% used [0x00000000f6480000,0x00000000ffffd7c0,0x0000000100000000)
  to   space 232960K, 0% used [0x00000000e3900000,0x00000000e3900000,0x00000000f1c80000)
 ParOldGen       total 523776K, used 523720K [0x0000000080000000, 0x000000009ff80000, 0x00000000d5580000)
  object space 523776K, 99% used [0x0000000080000000,0x000000009ff72060,0x000000009ff80000)
 Metaspace       used 70712K, capacity 72558K, committed 74880K, reserved 1114112K
  class space    used 8975K, capacity 9283K, committed 9856K, reserved 1048576K
}
Event: 7338,727 GC heap before
{Heap before GC invocations=36 (full 8):
 PSYoungGen      total 392192K, used 159221K [0x00000000d5580000, 0x0000000100000000, 0x0000000100000000)
  eden space 232960K, 0% used [0x00000000d5580000,0x00000000d5580000,0x00000000e3900000)
  from space 159232K, 99% used [0x00000000f6480000,0x00000000ffffd7c0,0x0000000100000000)
  to   space 232960K, 0% used [0x00000000e3900000,0x00000000e3900000,0x00000000f1c80000)
 ParOldGen       total 523776K, used 523720K [0x0000000080000000, 0x000000009ff80000, 0x00000000d5580000)
  object space 523776K, 99% used [0x0000000080000000,0x000000009ff72060,0x000000009ff80000)
 Metaspace       used 70712K, capacity 72558K, committed 74880K, reserved 1114112K
  class space    used 8975K, capacity 9283K, committed 9856K, reserved 1048576K
Event: 7344,577 GC heap after
Heap after GC invocations=36 (full 8):
 PSYoungGen      total 392192K, used 142786K [0x00000000d5580000, 0x0000000100000000, 0x0000000100000000)
  eden space 232960K, 0% used [0x00000000d5580000,0x00000000d5580000,0x00000000e3900000)
  from space 159232K, 89% used [0x00000000f6480000,0x00000000feff09e0,0x0000000100000000)
  to   space 232960K, 0% used [0x00000000e3900000,0x00000000e3900000,0x00000000f1c80000)
 ParOldGen       total 766976K, used 523507K [0x0000000080000000, 0x00000000aed00000, 0x00000000d5580000)
  object space 766976K, 68% used [0x0000000080000000,0x000000009ff3ce10,0x00000000aed00000)
 Metaspace       used 70712K, capacity 72558K, committed 74880K, reserved 1114112K
  class space    used 8975K, capacity 9283K, committed 9856K, reserved 1048576K
}
Event: 7349,010 GC heap before
{Heap before GC invocations=37 (full 8):
 PSYoungGen      total 392192K, used 375746K [0x00000000d5580000, 0x0000000100000000, 0x0000000100000000)
  eden space 232960K, 100% used [0x00000000d5580000,0x00000000e3900000,0x00000000e3900000)
  from space 159232K, 89% used [0x00000000f6480000,0x00000000feff09e0,0x0000000100000000)
  to   space 232960K, 0% used [0x00000000e3900000,0x00000000e3900000,0x00000000f1c80000)
 ParOldGen       total 766976K, used 523507K [0x0000000080000000, 0x00000000aed00000, 0x00000000d5580000)
  object space 766976K, 68% used [0x0000000080000000,0x000000009ff3ce10,0x00000000aed00000)
 Metaspace       used 70712K, capacity 72558K, committed 74880K, reserved 1114112K
  class space    used 8975K, capacity 9283K, committed 9856K, reserved 1048576K
Event: 7350,077 GC heap after
Heap after GC invocations=37 (full 8):
 PSYoungGen      total 465920K, used 232938K [0x00000000d5580000, 0x0000000100000000, 0x0000000100000000)
  eden space 232960K, 0% used [0x00000000d5580000,0x00000000d5580000,0x00000000e3900000)
  from space 232960K, 99% used [0x00000000e3900000,0x00000000f1c7ab98,0x00000000f1c80000)
  to   space 232960K, 0% used [0x00000000f1c80000,0x00000000f1c80000,0x0000000100000000)
 ParOldGen       total 766976K, used 570635K [0x0000000080000000, 0x00000000aed00000, 0x00000000d5580000)
  object space 766976K, 74% used [0x0000000080000000,0x00000000a2d42c90,0x00000000aed00000)
 Metaspace       used 70712K, capacity 72558K, committed 74880K, reserved 1114112K
  class space    used 8975K, capacity 9283K, committed 9856K, reserved 1048576K
}
Event: 7351,515 GC heap before
{Heap before GC invocations=38 (full 8):
 PSYoungGen      total 465920K, used 465898K [0x00000000d5580000, 0x0000000100000000, 0x0000000100000000)
  eden space 232960K, 100% used [0x00000000d5580000,0x00000000e3900000,0x00000000e3900000)
  from space 232960K, 99% used [0x00000000e3900000,0x00000000f1c7ab98,0x00000000f1c80000)
  to   space 232960K, 0% used [0x00000000f1c80000,0x00000000f1c80000,0x0000000100000000)
 ParOldGen       total 766976K, used 570635K [0x0000000080000000, 0x00000000aed00000, 0x00000000d5580000)
  object space 766976K, 74% used [0x0000000080000000,0x00000000a2d42c90,0x00000000aed00000)
 Metaspace       used 70712K, capacity 72558K, committed 74880K, reserved 1114112K
  class space    used 8975K, capacity 9283K, committed 9856K, reserved 1048576K
Event: 7352,721 GC heap after
Heap after GC invocations=38 (full 8):
 PSYoungGen      total 465920K, used 232953K [0x00000000d5580000, 0x0000000100000000, 0x0000000100000000)
  eden space 232960K, 0% used [0x00000000d5580000,0x00000000d5580000,0x00000000e3900000)
  from space 232960K, 99% used [0x00000000f1c80000,0x00000000ffffe4c0,0x0000000100000000)
  to   space 232960K, 0% used [0x00000000e3900000,0x00000000e3900000,0x00000000f1c80000)
 ParOldGen       total 766976K, used 689283K [0x0000000080000000, 0x00000000aed00000, 0x00000000d5580000)
  object space 766976K, 89% used [0x0000000080000000,0x00000000aa120ea0,0x00000000aed00000)
 Metaspace       used 70712K, capacity 72558K, committed 74880K, reserved 1114112K
  class space    used 8975K, capacity 9283K, committed 9856K, reserved 1048576K
}
Event: 7352,721 GC heap before
{Heap before GC invocations=39 (full 9):
 PSYoungGen      total 465920K, used 232953K [0x00000000d5580000, 0x0000000100000000, 0x0000000100000000)
  eden space 232960K, 0% used [0x00000000d5580000,0x00000000d5580000,0x00000000e3900000)
  from space 232960K, 99% used [0x00000000f1c80000,0x00000000ffffe4c0,0x0000000100000000)
  to   space 232960K, 0% used [0x00000000e3900000,0x00000000e3900000,0x00000000f1c80000)
 ParOldGen       total 766976K, used 689283K [0x0000000080000000, 0x00000000aed00000, 0x00000000d5580000)
  object space 766976K, 89% used [0x0000000080000000,0x00000000aa120ea0,0x00000000aed00000)
 Metaspace       used 70712K, capacity 72558K, committed 74880K, reserved 1114112K
  class space    used 8975K, capacity 9283K, committed 9856K, reserved 1048576K

